[2026-06-21 16:27:29] Andria <rafalimananamamitiana1@gmail.com> | A
Bonjour teste
----
[2026-06-21 16:28:33] Rafalimanana Mamitiana <rafalimananamamitiana0@gmail.com> | A
Hello. Pouvez vous me repondre
----
[2026-07-13 23:13:10] Rafalimanana Mamitiana <rafalimananamamitiana0@gmail.com> | A
trtjtgjftgkfyhy;
----
[2026-07-14 01:26:00] Rafalimanana Mamitiana <rafalimananamamitiana0@gmail.com> | Asa
kkkkkkkkkkkklkkl
----
[2026-07-14 01:26:15] Rafalimanana Mamitiana <rafalimananamamitiana0@gmail.com> | Asa
kkkkkkkkkkkklkkl
----
[2026-07-14 01:26:28] Rafalimanana Mamitiana <rafalimananamamitiana0@gmail.com> | Asa
kkkkkkkkkkkklkkl
----
[2026-07-14 19:53:21] Rafalimanana Mamitiana <rafalimananamamitiana0@gmail.com> | Asa
jjjjjjjjjjjjjjjjjjjjjjjjjjjjjjjjjjjjj
----
[2026-07-14 19:53:43] Rafalimanana Mamitiana <rafalimananamamitiana0@gmail.com> | Asa
jjjjjjjjjjjjjjjjjjjjjjjjjjjjjjjjjjjjj
----
[2026-07-15 04:32:33] Rafalimanana Mamitiana <rafalimananamamitiana0@gmail.com> | Asa
nnnnnnnnnnnnnnnnnnnnnnnnnnnnn
----
[2026-07-15 04:32:40] Rafalimanana Mamitiana <rafalimananamamitiana0@gmail.com> | Asa
nnnnnnnnnnnnnnnnnnnnnnnnnnnnn
----
[2026-07-15 04:33:25] Rafalimanana Mamitiana <rafalimananamamitiana0@gmail.com> | Asa
nnnnnnnnnnnnnnnnnnnnnnnnnnnnn
----
[2026-07-15 04:33:34] Rafalimanana Mamitiana <rafalimananamamitiana0@gmail.com> | Asa
nnnnnnnnnnnnnnnnnnnnnnnnnnnnn
----
[2026-07-15 04:34:16] Rafalimanana Mamitiana <rafalimananamamitiana0@gmail.com> | Asa
nnnnnnnnnnnnnnnnnnnnnnnnnnnnn
----
[2026-07-15 04:41:32] Rafalimanana Mamitiana <rafalimananamamitiana0@gmail.com> | Asa
fffffffffffffffffffffffffffffffffffff
----
[2026-07-15 05:05:54] Rafalimanana Mamitiana <rafalimananamamitiana0@gmail.com> | Asa
jjjjjjjjjjjjjjjjjjjjjjjjjjjjjjjjjjjjjjjj
----
[2026-07-15 07:42:12] Rafalimanana Mamitiana <rafalimananamamitiana0@gmail.com> | Asa
jjjjjjjjjjjjjjjjjjjjjjjjjjjjjjjjjjjjjjjj
----
